40.330
45.330
10.410
11.410
37.626
89.753
145.427
252.847
0.000
0.000
13.594
20.391
65.184
71.981
92.520
113.638
92.520
113.638
110.903
144.621
41.106
93.233
89.274
96.071
137.048
244.468
117.203
117.203
150.921
150.921
-132.644
-159.017
-131.517
-159.173
-44.524
-24.070
3.500
48.500
204.347
-172.764
-93.609
-110.530
-42.019
-58.940
-14.683
-17.283
-14.683
-17.283
3.700
13.700
-41.044
-20.590
-48.660
-28.601
-4.879
40.121
10.000
10.000
20.000
20.000
172.974
-204.347
141.927
-170.583
82.150
-113.823
141.927
-204.347
-204.347
-172.764
107.203
-130.921
107.203
-130.921
107.203
-130.921
107.203
-130.921
107.203
-130.921
82.150
-113.823
137.934
-124.672
141.927
-204.347
107.203
107.203
-130.921
-130.921
report_worst_paths 1
Path 1: Setup -204.347 6 L
f1:d R
u4:o R
u4:a F
u1:o F
u1:a R
inp1 R
report_worst_paths 3
Path 1: Setup -204.347 6 L
f1:d R
u4:o R
u4:a F
u1:o F
u1:a R
inp1 R
Path 2: Setup -172.764 6 L
f1:d R
u4:o R
u4:b F
f1:q F
f1:ck R
tau2015_clk R
Path 3: Setup -170.583 6 L
f1:d R
u4:o R
u4:a F
u1:o F
u1:b R
inp2 R
report_worst_paths 1
Path 1: Setup -170.583 6 L
f1:d R
u4:o R
u4:a F
u1:o F
u1:b R
inp2 R
166.915
216.123
report_worst_paths 1
Path 1: RAT -196.123 10 L
out R
newbox:o R
newbox:a F
u3:o F
u3:a R
u2:o R
u2:a F
f1:q F
f1:ck R
tau2015_clk R
117.203
150.921
report_worst_paths 1
Path 1: RAT -130.921 8 L
out R
u3:o R
u3:a F
u2:o F
u2:a R
f1:q R
f1:ck R
tau2015_clk R
